<?xml version="1.0" encoding="UTF-8"?>
<testng-results skipped="0" failed="0" ignored="0" total="3" passed="3">
  <reporter-output>
    <line>
      <![CDATA[PASS:User is successfully logged in]]>
    </line>
    <line>
      <![CDATA[PASS:User is successfully logged in]]>
    </line>
    <line>
      <![CDATA[PASS:User is successfully logged in]]>
    </line>
  </reporter-output>
  <suite name="Default suite" duration-ms="100404" started-at="2022-06-14T08:04:32Z" finished-at="2022-06-14T08:06:13Z">
    <groups>
    </groups>
    <test name="Default test" duration-ms="100404" started-at="2022-06-14T08:04:32Z" finished-at="2022-06-14T08:06:13Z">
      <class name="PageObjectModel_Repository.LoginTC2">
        <test-method status="PASS" signature="openbrowser(java.lang.String)[pri:0, instance:PageObjectModel_Repository.LoginTC2@548a9f61]" name="openbrowser" is-config="true" duration-ms="48046" started-at="2022-06-14T13:34:32Z" finished-at="2022-06-14T13:35:20Z">
          <params>
            <param index="0">
              <value>
                <![CDATA[Firefox]]>
              </value>
            </param>
          </params>
          <reporter-output>
          </reporter-output>
        </test-method> <!-- openbrowser -->
        <test-method status="PASS" signature="TC_01(java.lang.String, java.lang.String)[pri:0, instance:PageObjectModel_Repository.LoginTC2@548a9f61]" name="TC_01" duration-ms="19866" started-at="2022-06-14T13:35:27Z" data-provider="testData" finished-at="2022-06-14T13:35:46Z">
          <params>
            <param index="0">
              <value>
                <![CDATA[arungowda760@gmail.com]]>
              </value>
            </param>
            <param index="1">
              <value>
                <![CDATA[Arun@9066]]>
              </value>
            </param>
          </params>
          <reporter-output>
            <line>
              <![CDATA[PASS:User is successfully logged in]]>
            </line>
          </reporter-output>
        </test-method> <!-- TC_01 -->
        <test-method status="PASS" signature="TC_01(java.lang.String, java.lang.String)[pri:0, instance:PageObjectModel_Repository.LoginTC2@548a9f61]" name="TC_01" duration-ms="10454" started-at="2022-06-14T13:35:46Z" data-provider="testData" finished-at="2022-06-14T13:35:57Z">
          <params>
            <param index="0">
              <value>
                <![CDATA[abhi0987@gmail.com]]>
              </value>
            </param>
            <param index="1">
              <value>
                <![CDATA[Abhi@123]]>
              </value>
            </param>
          </params>
          <reporter-output>
            <line>
              <![CDATA[PASS:User is successfully logged in]]>
            </line>
          </reporter-output>
        </test-method> <!-- TC_01 -->
        <test-method status="PASS" signature="TC_01(java.lang.String, java.lang.String)[pri:0, instance:PageObjectModel_Repository.LoginTC2@548a9f61]" name="TC_01" duration-ms="8504" started-at="2022-06-14T13:35:57Z" data-provider="testData" finished-at="2022-06-14T13:36:05Z">
          <params>
            <param index="0">
              <value>
                <![CDATA[chandu0987@gmail.com]]>
              </value>
            </param>
            <param index="1">
              <value>
                <![CDATA[Chandu@123]]>
              </value>
            </param>
          </params>
          <reporter-output>
            <line>
              <![CDATA[PASS:User is successfully logged in]]>
            </line>
          </reporter-output>
        </test-method> <!-- TC_01 -->
        <test-method status="PASS" signature="closebrowser()[pri:0, instance:PageObjectModel_Repository.LoginTC2@548a9f61]" name="closebrowser" is-config="true" duration-ms="7163" started-at="2022-06-14T13:36:05Z" finished-at="2022-06-14T13:36:13Z">
          <reporter-output>
          </reporter-output>
        </test-method> <!-- closebrowser -->
      </class> <!-- PageObjectModel_Repository.LoginTC2 -->
    </test> <!-- Default test -->
  </suite> <!-- Default suite -->
</testng-results>
