<?xml version="1.0" encoding="UTF-8"?>
<!-- Generated by org.testng.reporters.JUnitXMLReporter -->
<testsuite hostname="ELF34-Afshan" ignored="0" name="Test" tests="3" failures="0" timestamp="11 Jun 2022 07:25:36 GMT" time="36.46" errors="0">
  <testcase name="sample" time="0.016" classname="Advance_Selenium.ChromeOpen"/>
  <testcase name="Tc" time="4.691" classname="Advance_Selenium.ChromeTc"/>
  <testcase name="Tc" time="4.118" classname="Advance_Selenium.FirefoxTC"/>
</testsuite> <!-- Test -->
